<?xml version="1.0" encoding="UTF-8"?>
<testsuite xmlns:xsi="http://www.w3.org/2001/XMLSchema-instance" xsi:noNamespaceSchemaLocation="https://maven.apache.org/surefire/maven-surefire-plugin/xsd/surefire-test-report.xsd" name="com.cbd.AppTest" time="0.083" tests="1" errors="1" skipped="0" failures="0">
  <properties>
[...]
</properties>
  <testcase name="shouldAnswerWithTrue" classname="com.cbd.AppTest" time="0.009">
    <error message="Unresolved compilation problem: &#10;	The declared package &quot;Lab1.forum.src.test.java.com.cbd&quot; does not match the expected package &quot;com.cbd&quot;&#10;" type="java.lang.Error"><![CDATA[java.lang.Error: 
Unresolved compilation problem: 
	The declared package "Lab1.forum.src.test.java.com.cbd" does not match the expected package "com.cbd"

	at com.cbd.AppTest.<init>(AppTest.java:1)
]]></error>
  </testcase>
</testsuite>